<?xml version="1.0" encoding="UTF-8"?>
<!-- Generated by org.testng.reporters.JUnitXMLReporter -->
<testsuite ignored="0" hostname="LAPTOP-VVE0L06F" failures="3" tests="14" name="Free CRM Applicayion" time="451.112" errors="0" timestamp="2021-03-27T17:46:38 IST">
  <testcase classname="com.crm.qa.testCases.LoginTest" name="validateTitle" time="0.022">
    <failure type="java.lang.AssertionError" message="expected [#1 Free CRM customer relationship management software cloud] but found [#1 Free CRM customer relationship management software clou]">
      <![CDATA[java.lang.AssertionError: expected [#1 Free CRM customer relationship management software cloud] but found [#1 Free CRM customer relationship management software clou]
at com.crm.qa.testCases.LoginTest.validateTitle(LoginTest.java:32)
at java.base/java.util.ArrayList.forEach(ArrayList.java:1511)
... Removed 32 stack frames]]>
    </failure>
  </testcase> <!-- validateTitle -->
  <testcase classname="com.crm.qa.testCases.LoginTest" name="validateLogin" time="24.741"/>
  <testcase classname="com.crm.qa.testCases.HomePageTest" name="ValidatethetitleofHomePage" time="0.011"/>
  <testcase classname="com.crm.qa.testCases.HomePageTest" name="validateUser" time="1.151">
    <failure type="java.lang.AssertionError" message="expected [Susmitha Kaltur] but found [Susmitha Kalturi]">
      <![CDATA[java.lang.AssertionError: expected [Susmitha Kaltur] but found [Susmitha Kalturi]
at com.crm.qa.testCases.HomePageTest.validateUser(HomePageTest.java:49)
at java.base/java.util.ArrayList.forEach(ArrayList.java:1511)
... Removed 32 stack frames]]>
    </failure>
  </testcase> <!-- validateUser -->
  <testcase classname="com.crm.qa.testCases.HomePageTest" name="validateDealsPage" time="1.534"/>
  <testcase classname="com.crm.qa.testCases.HomePageTest" name="validateTasksPage" time="1.252"/>
  <testcase classname="com.crm.qa.testCases.HomePageTest" name="validateContactsPage" time="1.601"/>
  <testcase classname="com.crm.qa.testCases.ContactsPageTest" name="ValidateContactsLabel" time="0.038"/>
  <testcase classname="com.crm.qa.testCases.ContactsPageTest" name="ValidateCheckBoxinContactsTable" time="11.77">
    <failure type="org.openqa.selenium.NoSuchElementException" message="no such element: Unable to locate element: {&amp;quot;method&amp;quot;:&amp;quot;xpath&amp;quot;,&amp;quot;selector&amp;quot;:&amp;quot;//a[text()=&amp;apos;sowmya kalturi&amp;apos;]/parent::td/preceding-sibling::td/div&amp;quot;}
  (Session info: chrome=89.0.4389.90)
For documentation on this error, please visit: https://www.seleniumhq.org/exceptions/no_such_element.html
Build info: version: &amp;apos;3.141.59&amp;apos;, revision: &amp;apos;e82be7d358&amp;apos;, time: &amp;apos;2018-11-14T08:17:03&amp;apos;
System info: host: &amp;apos;LAPTOP-VVE0L06F&amp;apos;, ip: &amp;apos;192.168.1.26&amp;apos;, os.name: &amp;apos;Windows 10&amp;apos;, os.arch: &amp;apos;amd64&amp;apos;, os.version: &amp;apos;10.0&amp;apos;, java.version: &amp;apos;15.0.2&amp;apos;
Driver info: org.openqa.selenium.chrome.ChromeDriver
Capabilities {acceptInsecureCerts: false, browserName: chrome, browserVersion: 89.0.4389.90, chrome: {chromedriverVersion: 89.0.4389.23 (61b08ee2c5002..., userDataDir: C:\Users\SUSHMI~1\AppData\L...}, goog:chromeOptions: {debuggerAddress: localhost:56269}, javascriptEnabled: true, networkConnectionEnabled: false, pageLoadStrategy: normal, platform: WINDOWS, platformName: WINDOWS, proxy: Proxy(), setWindowRect: true, strictFileInteractability: false, timeouts: {implicit: 0, pageLoad: 300000, script: 30000}, unhandledPromptBehavior: dismiss and notify, webauthn:extension:largeBlob: true, webauthn:virtualAuthenticators: true}
Session ID: 1c832af059f5493bb07fd4d35195d218
*** Element info: {Using=xpath, value=//a[text()=&amp;apos;sowmya kalturi&amp;apos;]/parent::td/preceding-sibling::td/div}">
      <![CDATA[org.openqa.selenium.NoSuchElementException: no such element: Unable to locate element: {"method":"xpath","selector":"//a[text()='sowmya kalturi']/parent::td/preceding-sibling::td/div"}
  (Session info: chrome=89.0.4389.90)
For documentation on this error, please visit: https://www.seleniumhq.org/exceptions/no_such_element.html
Build info: version: '3.141.59', revision: 'e82be7d358', time: '2018-11-14T08:17:03'
System info: host: 'LAPTOP-VVE0L06F', ip: '192.168.1.26', os.name: 'Windows 10', os.arch: 'amd64', os.version: '10.0', java.version: '15.0.2'
Driver info: org.openqa.selenium.chrome.ChromeDriver
Capabilities {acceptInsecureCerts: false, browserName: chrome, browserVersion: 89.0.4389.90, chrome: {chromedriverVersion: 89.0.4389.23 (61b08ee2c5002..., userDataDir: C:\Users\SUSHMI~1\AppData\L...}, goog:chromeOptions: {debuggerAddress: localhost:56269}, javascriptEnabled: true, networkConnectionEnabled: false, pageLoadStrategy: normal, platform: WINDOWS, platformName: WINDOWS, proxy: Proxy(), setWindowRect: true, strictFileInteractability: false, timeouts: {implicit: 0, pageLoad: 300000, script: 30000}, unhandledPromptBehavior: dismiss and notify, webauthn:extension:largeBlob: true, webauthn:virtualAuthenticators: true}
Session ID: 1c832af059f5493bb07fd4d35195d218
*** Element info: {Using=xpath, value=//a[text()='sowmya kalturi']/parent::td/preceding-sibling::td/div}
at org.openqa.selenium.remote.http.W3CHttpResponseCodec.createException(W3CHttpResponseCodec.java:187)
at org.openqa.selenium.remote.http.W3CHttpResponseCodec.decode(W3CHttpResponseCodec.java:122)
at org.openqa.selenium.remote.http.W3CHttpResponseCodec.decode(W3CHttpResponseCodec.java:49)
at org.openqa.selenium.remote.HttpCommandExecutor.execute(HttpCommandExecutor.java:158)
at org.openqa.selenium.remote.service.DriverCommandExecutor.execute(DriverCommandExecutor.java:83)
at org.openqa.selenium.remote.RemoteWebDriver.execute(RemoteWebDriver.java:552)
at org.openqa.selenium.remote.RemoteWebDriver.findElement(RemoteWebDriver.java:323)
at org.openqa.selenium.remote.RemoteWebDriver.findElementByXPath(RemoteWebDriver.java:428)
at org.openqa.selenium.By$ByXPath.findElement(By.java:353)
at org.openqa.selenium.remote.RemoteWebDriver.findElement(RemoteWebDriver.java:315)
at org.openqa.selenium.support.events.EventFiringWebDriver.lambda$new$1(EventFiringWebDriver.java:105)
at com.sun.proxy.$Proxy11.findElement(Unknown Source)
at org.openqa.selenium.support.events.EventFiringWebDriver.findElement(EventFiringWebDriver.java:194)
at com.crm.qa.pages.ContactsPage.SelectContactsByName(ContactsPage.java:38)
at com.crm.qa.testCases.ContactsPageTest.ValidateCheckBoxinContactsTable(ContactsPageTest.java:51)
at java.base/java.util.ArrayList.forEach(ArrayList.java:1511)
... Removed 35 stack frames]]>
    </failure>
  </testcase> <!-- ValidateCheckBoxinContactsTable -->
  <testcase classname="com.crm.qa.testCases.ContactsPageTest" name="printTablevaluesonconsole" time="1.383"/>
  <testcase classname="com.crm.qa.testCases.ContactsPageTest" name="createNewForm" time="13.864"/>
  <testcase classname="com.crm.qa.testCases.ContactsPageTest" name="createNewForm" time="13.111"/>
  <testcase classname="com.crm.qa.testCases.ContactsPageTest" name="createNewForm" time="13.221"/>
  <testcase classname="com.crm.qa.testCases.ContactsPageTest" name="createNewForm" time="12.942"/>
</testsuite> <!-- Free CRM Applicayion -->
